Analysis & Synthesis report for top_level
Sun Mar 15 00:25:42 2026
Quartus Prime Version 24.1std.0 Build 1077 03/04/2025 SC Lite Edition


---------------------
; Table of Contents ;
---------------------
  1. Legal Notice
  2. Analysis & Synthesis Summary
  3. Analysis & Synthesis Settings
  4. Parallel Compilation
  5. Analysis & Synthesis Source Files Read
  6. Analysis & Synthesis Resource Usage Summary
  7. Analysis & Synthesis Resource Utilization by Entity
  8. General Register Statistics
  9. Parameter Settings for User Entity Instance: spike_encoder:encoder_instance1
 10. Parameter Settings for User Entity Instance: lif_neuron_core:firslayer[0].l1n1
 11. Parameter Settings for User Entity Instance: lif_neuron_core:firslayer[1].l1n1
 12. Parameter Settings for User Entity Instance: lif_neuron_core:firslayer[2].l1n1
 13. Parameter Settings for User Entity Instance: lif_neuron_core:firslayer[3].l1n1
 14. Parameter Settings for User Entity Instance: lif_neuron_core:firslayer[4].l1n1
 15. Parameter Settings for User Entity Instance: lif_neuron_core:hiddenlayer[0].l1n1
 16. Parameter Settings for User Entity Instance: lif_neuron_core:hiddenlayer[1].l1n1
 17. Parameter Settings for User Entity Instance: lif_neuron_core:hiddenlayer[2].l1n1
 18. Parameter Settings for User Entity Instance: lif_neuron_core:hiddenlayer[3].l1n1
 19. Parameter Settings for User Entity Instance: lif_neuron_core:hiddenlayer[4].l1n1
 20. Parameter Settings for User Entity Instance: lif_neuron_core:hiddenlayer[5].l1n1
 21. Parameter Settings for User Entity Instance: lif_neuron_core:hiddenlayer[6].l1n1
 22. Parameter Settings for User Entity Instance: lif_neuron_core:hiddenlayer[7].l1n1
 23. Parameter Settings for User Entity Instance: lif_neuron_core:outputlayer[0].l1n1
 24. Parameter Settings for User Entity Instance: lif_neuron_core:outputlayer[1].l1n1
 25. Port Connectivity Checks: "lif_neuron_core:outputlayer[1].l1n1"
 26. Port Connectivity Checks: "lif_neuron_core:outputlayer[0].l1n1"
 27. Post-Synthesis Netlist Statistics for Top Partition
 28. Elapsed Time Per Partition
 29. Analysis & Synthesis Messages



----------------
; Legal Notice ;
----------------
Copyright (C) 2025  Altera Corporation. All rights reserved.
Your use of Altera Corporation's design tools, logic functions 
and other software and tools, and any partner logic 
functions, and any output files from any of the foregoing 
(including device programming or simulation files), and any 
associated documentation or information are expressly subject 
to the terms and conditions of the Altera Program License 
Subscription Agreement, the Altera Quartus Prime License Agreement,
the Altera IP License Agreement, or other applicable license
agreement, including, without limitation, that your use is for
the sole purpose of programming logic devices manufactured by
Altera and sold by Altera or its authorized distributors.  Please
refer to the Altera Software License Subscription Agreements 
on the Quartus Prime software download page.



+--------------------------------------------------------------------------------------+
; Analysis & Synthesis Summary                                                         ;
+------------------------------------+-------------------------------------------------+
; Analysis & Synthesis Status        ; Successful - Sun Mar 15 00:25:42 2026           ;
; Quartus Prime Version              ; 24.1std.0 Build 1077 03/04/2025 SC Lite Edition ;
; Revision Name                      ; top_level                                       ;
; Top-level Entity Name              ; arrhythmias_detection_toplevel                  ;
; Family                             ; MAX 10                                          ;
; Total logic elements               ; 0                                               ;
;     Total combinational functions  ; 0                                               ;
;     Dedicated logic registers      ; 0                                               ;
; Total registers                    ; 0                                               ;
; Total pins                         ; 29                                              ;
; Total virtual pins                 ; 0                                               ;
; Total memory bits                  ; 0                                               ;
; Embedded Multiplier 9-bit elements ; 0                                               ;
; Total PLLs                         ; 0                                               ;
; UFM blocks                         ; 0                                               ;
; ADC blocks                         ; 0                                               ;
+------------------------------------+-------------------------------------------------+


+------------------------------------------------------------------------------------------------------------------------+
; Analysis & Synthesis Settings                                                                                          ;
+------------------------------------------------------------------+--------------------------------+--------------------+
; Option                                                           ; Setting                        ; Default Value      ;
+------------------------------------------------------------------+--------------------------------+--------------------+
; Device                                                           ; 10M50DAF484C6GES               ;                    ;
; Top-level entity name                                            ; arrhythmias_detection_toplevel ; top_level          ;
; Family name                                                      ; MAX 10                         ; Cyclone V          ;
; Use smart compilation                                            ; Off                            ; Off                ;
; Enable parallel Assembler and Timing Analyzer during compilation ; On                             ; On                 ;
; Enable compact report table                                      ; Off                            ; Off                ;
; Restructure Multiplexers                                         ; Auto                           ; Auto               ;
; Create Debugging Nodes for IP Cores                              ; Off                            ; Off                ;
; Preserve fewer node names                                        ; On                             ; On                 ;
; Intel FPGA IP Evaluation Mode                                    ; Enable                         ; Enable             ;
; Verilog Version                                                  ; Verilog_2001                   ; Verilog_2001       ;
; VHDL Version                                                     ; VHDL_1993                      ; VHDL_1993          ;
; State Machine Processing                                         ; Auto                           ; Auto               ;
; Safe State Machine                                               ; Off                            ; Off                ;
; Extract Verilog State Machines                                   ; On                             ; On                 ;
; Extract VHDL State Machines                                      ; On                             ; On                 ;
; Ignore Verilog initial constructs                                ; Off                            ; Off                ;
; Iteration limit for constant Verilog loops                       ; 5000                           ; 5000               ;
; Iteration limit for non-constant Verilog loops                   ; 250                            ; 250                ;
; Add Pass-Through Logic to Inferred RAMs                          ; On                             ; On                 ;
; Infer RAMs from Raw Logic                                        ; On                             ; On                 ;
; Parallel Synthesis                                               ; On                             ; On                 ;
; DSP Block Balancing                                              ; Auto                           ; Auto               ;
; NOT Gate Push-Back                                               ; On                             ; On                 ;
; Power-Up Don't Care                                              ; On                             ; On                 ;
; Remove Redundant Logic Cells                                     ; Off                            ; Off                ;
; Remove Duplicate Registers                                       ; On                             ; On                 ;
; Ignore CARRY Buffers                                             ; Off                            ; Off                ;
; Ignore CASCADE Buffers                                           ; Off                            ; Off                ;
; Ignore GLOBAL Buffers                                            ; Off                            ; Off                ;
; Ignore ROW GLOBAL Buffers                                        ; Off                            ; Off                ;
; Ignore LCELL Buffers                                             ; Off                            ; Off                ;
; Ignore SOFT Buffers                                              ; On                             ; On                 ;
; Limit AHDL Integers to 32 Bits                                   ; Off                            ; Off                ;
; Optimization Technique                                           ; Balanced                       ; Balanced           ;
; Carry Chain Length                                               ; 70                             ; 70                 ;
; Auto Carry Chains                                                ; On                             ; On                 ;
; Auto Open-Drain Pins                                             ; On                             ; On                 ;
; Perform WYSIWYG Primitive Resynthesis                            ; Off                            ; Off                ;
; Auto ROM Replacement                                             ; On                             ; On                 ;
; Auto RAM Replacement                                             ; On                             ; On                 ;
; Auto DSP Block Replacement                                       ; On                             ; On                 ;
; Auto Shift Register Replacement                                  ; Auto                           ; Auto               ;
; Allow Shift Register Merging across Hierarchies                  ; Auto                           ; Auto               ;
; Auto Clock Enable Replacement                                    ; On                             ; On                 ;
; Strict RAM Replacement                                           ; Off                            ; Off                ;
; Allow Synchronous Control Signals                                ; On                             ; On                 ;
; Force Use of Synchronous Clear Signals                           ; Off                            ; Off                ;
; Auto RAM Block Balancing                                         ; On                             ; On                 ;
; Auto RAM to Logic Cell Conversion                                ; Off                            ; Off                ;
; Auto Resource Sharing                                            ; Off                            ; Off                ;
; Allow Any RAM Size For Recognition                               ; Off                            ; Off                ;
; Allow Any ROM Size For Recognition                               ; Off                            ; Off                ;
; Allow Any Shift Register Size For Recognition                    ; Off                            ; Off                ;
; Use LogicLock Constraints during Resource Balancing              ; On                             ; On                 ;
; Ignore translate_off and synthesis_off directives                ; Off                            ; Off                ;
; Timing-Driven Synthesis                                          ; On                             ; On                 ;
; Report Parameter Settings                                        ; On                             ; On                 ;
; Report Source Assignments                                        ; On                             ; On                 ;
; Report Connectivity Checks                                       ; On                             ; On                 ;
; Ignore Maximum Fan-Out Assignments                               ; Off                            ; Off                ;
; Synchronization Register Chain Length                            ; 2                              ; 2                  ;
; Power Optimization During Synthesis                              ; Normal compilation             ; Normal compilation ;
; HDL message level                                                ; Level2                         ; Level2             ;
; Suppress Register Optimization Related Messages                  ; Off                            ; Off                ;
; Number of Removed Registers Reported in Synthesis Report         ; 5000                           ; 5000               ;
; Number of Swept Nodes Reported in Synthesis Report               ; 5000                           ; 5000               ;
; Number of Inverted Registers Reported in Synthesis Report        ; 100                            ; 100                ;
; Clock MUX Protection                                             ; On                             ; On                 ;
; Auto Gated Clock Conversion                                      ; Off                            ; Off                ;
; Block Design Naming                                              ; Auto                           ; Auto               ;
; SDC constraint protection                                        ; Off                            ; Off                ;
; Synthesis Effort                                                 ; Auto                           ; Auto               ;
; Shift Register Replacement - Allow Asynchronous Clear Signal     ; On                             ; On                 ;
; Pre-Mapping Resynthesis Optimization                             ; Off                            ; Off                ;
; Analysis & Synthesis Message Level                               ; Medium                         ; Medium             ;
; Disable Register Merging Across Hierarchies                      ; Auto                           ; Auto               ;
; Resource Aware Inference For Block RAM                           ; On                             ; On                 ;
+------------------------------------------------------------------+--------------------------------+--------------------+


+------------------------------------------+
; Parallel Compilation                     ;
+----------------------------+-------------+
; Processors                 ; Number      ;
+----------------------------+-------------+
; Number detected on machine ; 12          ;
; Maximum allowed            ; 6           ;
;                            ;             ;
; Average used               ; 1.00        ;
; Maximum used               ; 1           ;
;                            ;             ;
; Usage by Processor         ; % Time Used ;
;     Processor 1            ; 100.0%      ;
+----------------------------+-------------+


+-----------------------------------------------------------------------------------------------------------------------------------------------------------------------------------------------+
; Analysis & Synthesis Source Files Read                                                                                                                                                        ;
+-----------------------------------+-----------------+------------------------------+------------------------------------------------------------------------------------------------+---------+
; File Name with User-Entered Path  ; Used in Netlist ; File Type                    ; File Name with Absolute Path                                                                   ; Library ;
+-----------------------------------+-----------------+------------------------------+------------------------------------------------------------------------------------------------+---------+
; spike_encoder.sv                  ; yes             ; User SystemVerilog HDL File  ; C:/Users/ericw/Documents/eric/snnproject/SNN-on-FPGA-for-ECG/spike_encoder.sv                  ;         ;
; lif_neuron_core.sv                ; yes             ; User SystemVerilog HDL File  ; C:/Users/ericw/Documents/eric/snnproject/SNN-on-FPGA-for-ECG/lif_neuron_core.sv                ;         ;
; arrhythmias_detection_toplevel.sv ; yes             ; User SystemVerilog HDL File  ; C:/Users/ericw/Documents/eric/snnproject/SNN-on-FPGA-for-ECG/arrhythmias_detection_toplevel.sv ;         ;
+-----------------------------------+-----------------+------------------------------+------------------------------------------------------------------------------------------------+---------+


+--------------------------------------------------------------------+
; Analysis & Synthesis Resource Usage Summary                        ;
+---------------------------------------------+----------------------+
; Resource                                    ; Usage                ;
+---------------------------------------------+----------------------+
;                                             ;                      ;
; Total combinational functions               ; 0                    ;
; Logic element usage by number of LUT inputs ;                      ;
;     -- 4 input functions                    ; 0                    ;
;     -- 3 input functions                    ; 0                    ;
;     -- <=2 input functions                  ; 0                    ;
;                                             ;                      ;
; Logic elements by mode                      ;                      ;
;     -- normal mode                          ; 0                    ;
;     -- arithmetic mode                      ; 0                    ;
;                                             ;                      ;
; Total registers                             ; 0                    ;
;     -- Dedicated logic registers            ; 0                    ;
;     -- I/O registers                        ; 0                    ;
;                                             ;                      ;
; I/O pins                                    ; 29                   ;
;                                             ;                      ;
; Embedded Multiplier 9-bit elements          ; 0                    ;
;                                             ;                      ;
; Maximum fan-out node                        ; ARDUINO_IO[0]~output ;
; Maximum fan-out                             ; 1                    ;
; Total fan-out                               ; 45                   ;
; Average fan-out                             ; 0.61                 ;
+---------------------------------------------+----------------------+


+------------------------------------------------------------------------------------------------------------------------------------------------------------------------------------------------------------------------------------------------------------------------+
; Analysis & Synthesis Resource Utilization by Entity                                                                                                                                                                                                                    ;
+---------------------------------+---------------------+---------------------------+-------------+------------+--------------+---------+-----------+------+--------------+------------+---------------------------------+--------------------------------+--------------+
; Compilation Hierarchy Node      ; Combinational ALUTs ; Dedicated Logic Registers ; Memory Bits ; UFM Blocks ; DSP Elements ; DSP 9x9 ; DSP 18x18 ; Pins ; Virtual Pins ; ADC blocks ; Full Hierarchy Name             ; Entity Name                    ; Library Name ;
+---------------------------------+---------------------+---------------------------+-------------+------------+--------------+---------+-----------+------+--------------+------------+---------------------------------+--------------------------------+--------------+
; |arrhythmias_detection_toplevel ; 0 (0)               ; 0 (0)                     ; 0           ; 0          ; 0            ; 0       ; 0         ; 29   ; 0            ; 0          ; |arrhythmias_detection_toplevel ; arrhythmias_detection_toplevel ; work         ;
+---------------------------------+---------------------+---------------------------+-------------+------------+--------------+---------+-----------+------+--------------+------------+---------------------------------+--------------------------------+--------------+
Note: For table entries with two numbers listed, the numbers in parentheses indicate the number of resources of the given type used by the specific entity alone. The numbers listed outside of parentheses indicate the total resources of the given type used by the specific entity and all of its sub-entities in the hierarchy.


+------------------------------------------------------+
; General Register Statistics                          ;
+----------------------------------------------+-------+
; Statistic                                    ; Value ;
+----------------------------------------------+-------+
; Total registers                              ; 0     ;
; Number of registers using Synchronous Clear  ; 0     ;
; Number of registers using Synchronous Load   ; 0     ;
; Number of registers using Asynchronous Clear ; 0     ;
; Number of registers using Asynchronous Load  ; 0     ;
; Number of registers using Clock Enable       ; 0     ;
; Number of registers using Preset             ; 0     ;
+----------------------------------------------+-------+


+------------------------------------------------------------------------------+
; Parameter Settings for User Entity Instance: spike_encoder:encoder_instance1 ;
+----------------+--------------+----------------------------------------------+
; Parameter Name ; Value        ; Type                                         ;
+----------------+--------------+----------------------------------------------+
; DATA_WIDTH     ; 12           ; Signed Integer                               ;
; STEP_SIZE      ; 000000110010 ; Unsigned Binary                              ;
; PWAVE          ; 000000001010 ; Unsigned Binary                              ;
; RPEAK          ; 000000110010 ; Unsigned Binary                              ;
; TWAVE          ; 111111110110 ; Unsigned Binary                              ;
; SWAVE          ; 111111001110 ; Unsigned Binary                              ;
; FLATLINE       ; 000000000000 ; Unsigned Binary                              ;
+----------------+--------------+----------------------------------------------+
Note: In order to hide this table in the UI and the text report file, please set the "Show Parameter Settings in Synthesis Report" option in "Analysis and Synthesis Settings -> More Settings" to "Off".


+--------------------------------------------------------------------------------+
; Parameter Settings for User Entity Instance: lif_neuron_core:firslayer[0].l1n1 ;
+----------------+------------------+--------------------------------------------+
; Parameter Name ; Value            ; Type                                       ;
+----------------+------------------+--------------------------------------------+
; BASELINE_TH    ; 0011000000000000 ; Unsigned Binary                            ;
; FATIGUE        ; 0000100000000000 ; Unsigned Binary                            ;
; LEAK           ; 6                ; Signed Integer                             ;
; L_SHIFT        ; 4                ; Signed Integer                             ;
; INPUTS         ; 5                ; Signed Integer                             ;
+----------------+------------------+--------------------------------------------+
Note: In order to hide this table in the UI and the text report file, please set the "Show Parameter Settings in Synthesis Report" option in "Analysis and Synthesis Settings -> More Settings" to "Off".


+--------------------------------------------------------------------------------+
; Parameter Settings for User Entity Instance: lif_neuron_core:firslayer[1].l1n1 ;
+----------------+------------------+--------------------------------------------+
; Parameter Name ; Value            ; Type                                       ;
+----------------+------------------+--------------------------------------------+
; BASELINE_TH    ; 0011000000000000 ; Unsigned Binary                            ;
; FATIGUE        ; 0000100000000000 ; Unsigned Binary                            ;
; LEAK           ; 6                ; Signed Integer                             ;
; L_SHIFT        ; 4                ; Signed Integer                             ;
; INPUTS         ; 5                ; Signed Integer                             ;
+----------------+------------------+--------------------------------------------+
Note: In order to hide this table in the UI and the text report file, please set the "Show Parameter Settings in Synthesis Report" option in "Analysis and Synthesis Settings -> More Settings" to "Off".


+--------------------------------------------------------------------------------+
; Parameter Settings for User Entity Instance: lif_neuron_core:firslayer[2].l1n1 ;
+----------------+------------------+--------------------------------------------+
; Parameter Name ; Value            ; Type                                       ;
+----------------+------------------+--------------------------------------------+
; BASELINE_TH    ; 0011000000000000 ; Unsigned Binary                            ;
; FATIGUE        ; 0000100000000000 ; Unsigned Binary                            ;
; LEAK           ; 6                ; Signed Integer                             ;
; L_SHIFT        ; 4                ; Signed Integer                             ;
; INPUTS         ; 5                ; Signed Integer                             ;
+----------------+------------------+--------------------------------------------+
Note: In order to hide this table in the UI and the text report file, please set the "Show Parameter Settings in Synthesis Report" option in "Analysis and Synthesis Settings -> More Settings" to "Off".


+--------------------------------------------------------------------------------+
; Parameter Settings for User Entity Instance: lif_neuron_core:firslayer[3].l1n1 ;
+----------------+------------------+--------------------------------------------+
; Parameter Name ; Value            ; Type                                       ;
+----------------+------------------+--------------------------------------------+
; BASELINE_TH    ; 0011000000000000 ; Unsigned Binary                            ;
; FATIGUE        ; 0000100000000000 ; Unsigned Binary                            ;
; LEAK           ; 6                ; Signed Integer                             ;
; L_SHIFT        ; 4                ; Signed Integer                             ;
; INPUTS         ; 5                ; Signed Integer                             ;
+----------------+------------------+--------------------------------------------+
Note: In order to hide this table in the UI and the text report file, please set the "Show Parameter Settings in Synthesis Report" option in "Analysis and Synthesis Settings -> More Settings" to "Off".


+--------------------------------------------------------------------------------+
; Parameter Settings for User Entity Instance: lif_neuron_core:firslayer[4].l1n1 ;
+----------------+------------------+--------------------------------------------+
; Parameter Name ; Value            ; Type                                       ;
+----------------+------------------+--------------------------------------------+
; BASELINE_TH    ; 0011000000000000 ; Unsigned Binary                            ;
; FATIGUE        ; 0000100000000000 ; Unsigned Binary                            ;
; LEAK           ; 6                ; Signed Integer                             ;
; L_SHIFT        ; 4                ; Signed Integer                             ;
; INPUTS         ; 5                ; Signed Integer                             ;
+----------------+------------------+--------------------------------------------+
Note: In order to hide this table in the UI and the text report file, please set the "Show Parameter Settings in Synthesis Report" option in "Analysis and Synthesis Settings -> More Settings" to "Off".


+----------------------------------------------------------------------------------+
; Parameter Settings for User Entity Instance: lif_neuron_core:hiddenlayer[0].l1n1 ;
+----------------+------------------+----------------------------------------------+
; Parameter Name ; Value            ; Type                                         ;
+----------------+------------------+----------------------------------------------+
; BASELINE_TH    ; 0011000000000000 ; Unsigned Binary                              ;
; FATIGUE        ; 0000100000000000 ; Unsigned Binary                              ;
; LEAK           ; 6                ; Signed Integer                               ;
; L_SHIFT        ; 4                ; Signed Integer                               ;
; INPUTS         ; 5                ; Signed Integer                               ;
+----------------+------------------+----------------------------------------------+
Note: In order to hide this table in the UI and the text report file, please set the "Show Parameter Settings in Synthesis Report" option in "Analysis and Synthesis Settings -> More Settings" to "Off".


+----------------------------------------------------------------------------------+
; Parameter Settings for User Entity Instance: lif_neuron_core:hiddenlayer[1].l1n1 ;
+----------------+------------------+----------------------------------------------+
; Parameter Name ; Value            ; Type                                         ;
+----------------+------------------+----------------------------------------------+
; BASELINE_TH    ; 0011000000000000 ; Unsigned Binary                              ;
; FATIGUE        ; 0000100000000000 ; Unsigned Binary                              ;
; LEAK           ; 6                ; Signed Integer                               ;
; L_SHIFT        ; 4                ; Signed Integer                               ;
; INPUTS         ; 5                ; Signed Integer                               ;
+----------------+------------------+----------------------------------------------+
Note: In order to hide this table in the UI and the text report file, please set the "Show Parameter Settings in Synthesis Report" option in "Analysis and Synthesis Settings -> More Settings" to "Off".


+----------------------------------------------------------------------------------+
; Parameter Settings for User Entity Instance: lif_neuron_core:hiddenlayer[2].l1n1 ;
+----------------+------------------+----------------------------------------------+
; Parameter Name ; Value            ; Type                                         ;
+----------------+------------------+----------------------------------------------+
; BASELINE_TH    ; 0011000000000000 ; Unsigned Binary                              ;
; FATIGUE        ; 0000100000000000 ; Unsigned Binary                              ;
; LEAK           ; 6                ; Signed Integer                               ;
; L_SHIFT        ; 4                ; Signed Integer                               ;
; INPUTS         ; 5                ; Signed Integer                               ;
+----------------+------------------+----------------------------------------------+
Note: In order to hide this table in the UI and the text report file, please set the "Show Parameter Settings in Synthesis Report" option in "Analysis and Synthesis Settings -> More Settings" to "Off".


+----------------------------------------------------------------------------------+
; Parameter Settings for User Entity Instance: lif_neuron_core:hiddenlayer[3].l1n1 ;
+----------------+------------------+----------------------------------------------+
; Parameter Name ; Value            ; Type                                         ;
+----------------+------------------+----------------------------------------------+
; BASELINE_TH    ; 0011000000000000 ; Unsigned Binary                              ;
; FATIGUE        ; 0000100000000000 ; Unsigned Binary                              ;
; LEAK           ; 6                ; Signed Integer                               ;
; L_SHIFT        ; 4                ; Signed Integer                               ;
; INPUTS         ; 5                ; Signed Integer                               ;
+----------------+------------------+----------------------------------------------+
Note: In order to hide this table in the UI and the text report file, please set the "Show Parameter Settings in Synthesis Report" option in "Analysis and Synthesis Settings -> More Settings" to "Off".


+----------------------------------------------------------------------------------+
; Parameter Settings for User Entity Instance: lif_neuron_core:hiddenlayer[4].l1n1 ;
+----------------+------------------+----------------------------------------------+
; Parameter Name ; Value            ; Type                                         ;
+----------------+------------------+----------------------------------------------+
; BASELINE_TH    ; 0011000000000000 ; Unsigned Binary                              ;
; FATIGUE        ; 0000100000000000 ; Unsigned Binary                              ;
; LEAK           ; 6                ; Signed Integer                               ;
; L_SHIFT        ; 4                ; Signed Integer                               ;
; INPUTS         ; 5                ; Signed Integer                               ;
+----------------+------------------+----------------------------------------------+
Note: In order to hide this table in the UI and the text report file, please set the "Show Parameter Settings in Synthesis Report" option in "Analysis and Synthesis Settings -> More Settings" to "Off".


+----------------------------------------------------------------------------------+
; Parameter Settings for User Entity Instance: lif_neuron_core:hiddenlayer[5].l1n1 ;
+----------------+------------------+----------------------------------------------+
; Parameter Name ; Value            ; Type                                         ;
+----------------+------------------+----------------------------------------------+
; BASELINE_TH    ; 0011000000000000 ; Unsigned Binary                              ;
; FATIGUE        ; 0000100000000000 ; Unsigned Binary                              ;
; LEAK           ; 6                ; Signed Integer                               ;
; L_SHIFT        ; 4                ; Signed Integer                               ;
; INPUTS         ; 5                ; Signed Integer                               ;
+----------------+------------------+----------------------------------------------+
Note: In order to hide this table in the UI and the text report file, please set the "Show Parameter Settings in Synthesis Report" option in "Analysis and Synthesis Settings -> More Settings" to "Off".


+----------------------------------------------------------------------------------+
; Parameter Settings for User Entity Instance: lif_neuron_core:hiddenlayer[6].l1n1 ;
+----------------+------------------+----------------------------------------------+
; Parameter Name ; Value            ; Type                                         ;
+----------------+------------------+----------------------------------------------+
; BASELINE_TH    ; 0011000000000000 ; Unsigned Binary                              ;
; FATIGUE        ; 0000100000000000 ; Unsigned Binary                              ;
; LEAK           ; 6                ; Signed Integer                               ;
; L_SHIFT        ; 4                ; Signed Integer                               ;
; INPUTS         ; 5                ; Signed Integer                               ;
+----------------+------------------+----------------------------------------------+
Note: In order to hide this table in the UI and the text report file, please set the "Show Parameter Settings in Synthesis Report" option in "Analysis and Synthesis Settings -> More Settings" to "Off".


+----------------------------------------------------------------------------------+
; Parameter Settings for User Entity Instance: lif_neuron_core:hiddenlayer[7].l1n1 ;
+----------------+------------------+----------------------------------------------+
; Parameter Name ; Value            ; Type                                         ;
+----------------+------------------+----------------------------------------------+
; BASELINE_TH    ; 0011000000000000 ; Unsigned Binary                              ;
; FATIGUE        ; 0000100000000000 ; Unsigned Binary                              ;
; LEAK           ; 6                ; Signed Integer                               ;
; L_SHIFT        ; 4                ; Signed Integer                               ;
; INPUTS         ; 5                ; Signed Integer                               ;
+----------------+------------------+----------------------------------------------+
Note: In order to hide this table in the UI and the text report file, please set the "Show Parameter Settings in Synthesis Report" option in "Analysis and Synthesis Settings -> More Settings" to "Off".


+----------------------------------------------------------------------------------+
; Parameter Settings for User Entity Instance: lif_neuron_core:outputlayer[0].l1n1 ;
+----------------+------------------+----------------------------------------------+
; Parameter Name ; Value            ; Type                                         ;
+----------------+------------------+----------------------------------------------+
; BASELINE_TH    ; 0011000000000000 ; Unsigned Binary                              ;
; FATIGUE        ; 0000100000000000 ; Unsigned Binary                              ;
; LEAK           ; 6                ; Signed Integer                               ;
; L_SHIFT        ; 4                ; Signed Integer                               ;
; INPUTS         ; 8                ; Signed Integer                               ;
+----------------+------------------+----------------------------------------------+
Note: In order to hide this table in the UI and the text report file, please set the "Show Parameter Settings in Synthesis Report" option in "Analysis and Synthesis Settings -> More Settings" to "Off".


+----------------------------------------------------------------------------------+
; Parameter Settings for User Entity Instance: lif_neuron_core:outputlayer[1].l1n1 ;
+----------------+------------------+----------------------------------------------+
; Parameter Name ; Value            ; Type                                         ;
+----------------+------------------+----------------------------------------------+
; BASELINE_TH    ; 0011000000000000 ; Unsigned Binary                              ;
; FATIGUE        ; 0000100000000000 ; Unsigned Binary                              ;
; LEAK           ; 6                ; Signed Integer                               ;
; L_SHIFT        ; 4                ; Signed Integer                               ;
; INPUTS         ; 8                ; Signed Integer                               ;
+----------------+------------------+----------------------------------------------+
Note: In order to hide this table in the UI and the text report file, please set the "Show Parameter Settings in Synthesis Report" option in "Analysis and Synthesis Settings -> More Settings" to "Off".


+--------------------------------------------------------------------------------------------------------------------+
; Port Connectivity Checks: "lif_neuron_core:outputlayer[1].l1n1"                                                    ;
+----------+--------+----------+-------------------------------------------------------------------------------------+
; Port     ; Type   ; Severity ; Details                                                                             ;
+----------+--------+----------+-------------------------------------------------------------------------------------+
; fire_out ; Output ; Info     ; Connected to dangling logic. Logic that only feeds a dangling port will be removed. ;
+----------+--------+----------+-------------------------------------------------------------------------------------+


+--------------------------------------------------------------------------------------------------------------------+
; Port Connectivity Checks: "lif_neuron_core:outputlayer[0].l1n1"                                                    ;
+----------+--------+----------+-------------------------------------------------------------------------------------+
; Port     ; Type   ; Severity ; Details                                                                             ;
+----------+--------+----------+-------------------------------------------------------------------------------------+
; fire_out ; Output ; Info     ; Connected to dangling logic. Logic that only feeds a dangling port will be removed. ;
+----------+--------+----------+-------------------------------------------------------------------------------------+


+-----------------------------------------------------+
; Post-Synthesis Netlist Statistics for Top Partition ;
+-----------------------+-----------------------------+
; Type                  ; Count                       ;
+-----------------------+-----------------------------+
; boundary_port         ; 29                          ;
; cycloneiii_io_obuf    ; 16                          ;
; cycloneiii_lcell_comb ; 1                           ;
;     normal            ; 1                           ;
;         0 data inputs ; 1                           ;
;                       ;                             ;
; Max LUT depth         ; 0.00                        ;
; Average LUT depth     ; 0.00                        ;
+-----------------------+-----------------------------+


+-------------------------------+
; Elapsed Time Per Partition    ;
+----------------+--------------+
; Partition Name ; Elapsed Time ;
+----------------+--------------+
; Top            ; 00:00:00     ;
+----------------+--------------+


+-------------------------------+
; Analysis & Synthesis Messages ;
+-------------------------------+
Info: *******************************************************************
Info: Running Quartus Prime Analysis & Synthesis
    Info: Version 24.1std.0 Build 1077 03/04/2025 SC Lite Edition
    Info: Processing started: Sun Mar 15 00:25:33 2026
Info: Command: quartus_map --read_settings_files=on --write_settings_files=off SNN_ECG -c top_level
Warning (18236): Number of processors has not been specified which may cause overloading on shared machines.  Set the global assignment NUM_PARALLEL_PROCESSORS in your QSF to an appropriate value for best performance.
Info (20030): Parallel compilation is enabled and will use 6 of the 6 processors detected
Info (12021): Found 1 design units, including 1 entities, in source file ecg_preprocessor.sv
    Info (12023): Found entity 1: ecgpreprocessor File: C:/Users/ericw/Documents/eric/snnproject/SNN-on-FPGA-for-ECG/ecg_preprocessor.sv Line: 1
Info (12021): Found 1 design units, including 1 entities, in source file spike_encoder.sv
    Info (12023): Found entity 1: spike_encoder File: C:/Users/ericw/Documents/eric/snnproject/SNN-on-FPGA-for-ECG/spike_encoder.sv Line: 1
Info (12021): Found 1 design units, including 1 entities, in source file lif_neuron_core.sv
    Info (12023): Found entity 1: lif_neuron_core File: C:/Users/ericw/Documents/eric/snnproject/SNN-on-FPGA-for-ECG/lif_neuron_core.sv Line: 1
Info (12021): Found 2 design units, including 2 entities, in source file arrhythmias_detection_toplevel.sv
    Info (12023): Found entity 1: arrhythmias_detection_toplevel File: C:/Users/ericw/Documents/eric/snnproject/SNN-on-FPGA-for-ECG/arrhythmias_detection_toplevel.sv Line: 1
    Info (12023): Found entity 2: clock_prescaler File: C:/Users/ericw/Documents/eric/snnproject/SNN-on-FPGA-for-ECG/arrhythmias_detection_toplevel.sv Line: 91
Warning (10236): Verilog HDL Implicit Net warning at arrhythmias_detection_toplevel.sv(33): created implicit net for "ms_tick" File: C:/Users/ericw/Documents/eric/snnproject/SNN-on-FPGA-for-ECG/arrhythmias_detection_toplevel.sv Line: 33
Info (12127): Elaborating entity "arrhythmias_detection_toplevel" for the top level hierarchy
Warning (10034): Output port "LEDR" at arrhythmias_detection_toplevel.sv(4) has no driver File: C:/Users/ericw/Documents/eric/snnproject/SNN-on-FPGA-for-ECG/arrhythmias_detection_toplevel.sv Line: 4
Info (12128): Elaborating entity "spike_encoder" for hierarchy "spike_encoder:encoder_instance1" File: C:/Users/ericw/Documents/eric/snnproject/SNN-on-FPGA-for-ECG/arrhythmias_detection_toplevel.sv Line: 34
Info (12128): Elaborating entity "lif_neuron_core" for hierarchy "lif_neuron_core:firslayer[0].l1n1" File: C:/Users/ericw/Documents/eric/snnproject/SNN-on-FPGA-for-ECG/arrhythmias_detection_toplevel.sv Line: 51
Warning (10230): Verilog HDL assignment warning at lif_neuron_core.sv(67): truncated value with size 18 to match size of target (16) File: C:/Users/ericw/Documents/eric/snnproject/SNN-on-FPGA-for-ECG/lif_neuron_core.sv Line: 67
Info (12128): Elaborating entity "lif_neuron_core" for hierarchy "lif_neuron_core:outputlayer[0].l1n1" File: C:/Users/ericw/Documents/eric/snnproject/SNN-on-FPGA-for-ECG/arrhythmias_detection_toplevel.sv Line: 85
Warning (10230): Verilog HDL assignment warning at lif_neuron_core.sv(67): truncated value with size 18 to match size of target (16) File: C:/Users/ericw/Documents/eric/snnproject/SNN-on-FPGA-for-ECG/lif_neuron_core.sv Line: 67
Warning (12011): Net is missing source, defaulting to GND
    Warning (12110): Net "inhibit3" is missing source, defaulting to GND File: C:/Users/ericw/Documents/eric/snnproject/SNN-on-FPGA-for-ECG/arrhythmias_detection_toplevel.sv Line: 16
Warning (12011): Net is missing source, defaulting to GND
    Warning (12110): Net "inhibit3" is missing source, defaulting to GND File: C:/Users/ericw/Documents/eric/snnproject/SNN-on-FPGA-for-ECG/arrhythmias_detection_toplevel.sv Line: 16
Warning (12011): Net is missing source, defaulting to GND
    Warning (12110): Net "inhibit3" is missing source, defaulting to GND File: C:/Users/ericw/Documents/eric/snnproject/SNN-on-FPGA-for-ECG/arrhythmias_detection_toplevel.sv Line: 16
Warning (12011): Net is missing source, defaulting to GND
    Warning (12110): Net "inhibit3" is missing source, defaulting to GND File: C:/Users/ericw/Documents/eric/snnproject/SNN-on-FPGA-for-ECG/arrhythmias_detection_toplevel.sv Line: 16
Warning (12011): Net is missing source, defaulting to GND
    Warning (12110): Net "inhibit3" is missing source, defaulting to GND File: C:/Users/ericw/Documents/eric/snnproject/SNN-on-FPGA-for-ECG/arrhythmias_detection_toplevel.sv Line: 16
Warning (12011): Net is missing source, defaulting to GND
    Warning (12110): Net "inhibit3" is missing source, defaulting to GND File: C:/Users/ericw/Documents/eric/snnproject/SNN-on-FPGA-for-ECG/arrhythmias_detection_toplevel.sv Line: 16
Warning (12011): Net is missing source, defaulting to GND
    Warning (12110): Net "inhibit3" is missing source, defaulting to GND File: C:/Users/ericw/Documents/eric/snnproject/SNN-on-FPGA-for-ECG/arrhythmias_detection_toplevel.sv Line: 16
Warning (12011): Net is missing source, defaulting to GND
    Warning (12110): Net "inhibit3" is missing source, defaulting to GND File: C:/Users/ericw/Documents/eric/snnproject/SNN-on-FPGA-for-ECG/arrhythmias_detection_toplevel.sv Line: 16
Warning (12011): Net is missing source, defaulting to GND
    Warning (12110): Net "inhibit2" is missing source, defaulting to GND File: C:/Users/ericw/Documents/eric/snnproject/SNN-on-FPGA-for-ECG/arrhythmias_detection_toplevel.sv Line: 15
    Warning (12110): Net "inhibit3" is missing source, defaulting to GND File: C:/Users/ericw/Documents/eric/snnproject/SNN-on-FPGA-for-ECG/arrhythmias_detection_toplevel.sv Line: 16
Warning (12011): Net is missing source, defaulting to GND
    Warning (12110): Net "inhibit2" is missing source, defaulting to GND File: C:/Users/ericw/Documents/eric/snnproject/SNN-on-FPGA-for-ECG/arrhythmias_detection_toplevel.sv Line: 15
    Warning (12110): Net "inhibit3" is missing source, defaulting to GND File: C:/Users/ericw/Documents/eric/snnproject/SNN-on-FPGA-for-ECG/arrhythmias_detection_toplevel.sv Line: 16
Warning (12011): Net is missing source, defaulting to GND
    Warning (12110): Net "inhibit2" is missing source, defaulting to GND File: C:/Users/ericw/Documents/eric/snnproject/SNN-on-FPGA-for-ECG/arrhythmias_detection_toplevel.sv Line: 15
    Warning (12110): Net "inhibit3" is missing source, defaulting to GND File: C:/Users/ericw/Documents/eric/snnproject/SNN-on-FPGA-for-ECG/arrhythmias_detection_toplevel.sv Line: 16
Warning (12011): Net is missing source, defaulting to GND
    Warning (12110): Net "inhibit2" is missing source, defaulting to GND File: C:/Users/ericw/Documents/eric/snnproject/SNN-on-FPGA-for-ECG/arrhythmias_detection_toplevel.sv Line: 15
    Warning (12110): Net "inhibit3" is missing source, defaulting to GND File: C:/Users/ericw/Documents/eric/snnproject/SNN-on-FPGA-for-ECG/arrhythmias_detection_toplevel.sv Line: 16
Warning (12011): Net is missing source, defaulting to GND
    Warning (12110): Net "inhibit2" is missing source, defaulting to GND File: C:/Users/ericw/Documents/eric/snnproject/SNN-on-FPGA-for-ECG/arrhythmias_detection_toplevel.sv Line: 15
    Warning (12110): Net "inhibit3" is missing source, defaulting to GND File: C:/Users/ericw/Documents/eric/snnproject/SNN-on-FPGA-for-ECG/arrhythmias_detection_toplevel.sv Line: 16
Warning (12011): Net is missing source, defaulting to GND
    Warning (12110): Net "inhibit1" is missing source, defaulting to GND File: C:/Users/ericw/Documents/eric/snnproject/SNN-on-FPGA-for-ECG/arrhythmias_detection_toplevel.sv Line: 14
    Warning (12110): Net "inhibit2" is missing source, defaulting to GND File: C:/Users/ericw/Documents/eric/snnproject/SNN-on-FPGA-for-ECG/arrhythmias_detection_toplevel.sv Line: 15
    Warning (12110): Net "inhibit3" is missing source, defaulting to GND File: C:/Users/ericw/Documents/eric/snnproject/SNN-on-FPGA-for-ECG/arrhythmias_detection_toplevel.sv Line: 16
Warning (12011): Net is missing source, defaulting to GND
    Warning (12110): Net "ms_tick" is missing source, defaulting to GND File: C:/Users/ericw/Documents/eric/snnproject/SNN-on-FPGA-for-ECG/arrhythmias_detection_toplevel.sv Line: 33
    Warning (12110): Net "inhibit1" is missing source, defaulting to GND File: C:/Users/ericw/Documents/eric/snnproject/SNN-on-FPGA-for-ECG/arrhythmias_detection_toplevel.sv Line: 14
    Warning (12110): Net "inhibit2" is missing source, defaulting to GND File: C:/Users/ericw/Documents/eric/snnproject/SNN-on-FPGA-for-ECG/arrhythmias_detection_toplevel.sv Line: 15
    Warning (12110): Net "inhibit3" is missing source, defaulting to GND File: C:/Users/ericw/Documents/eric/snnproject/SNN-on-FPGA-for-ECG/arrhythmias_detection_toplevel.sv Line: 16
Warning (13039): The following bidirectional pins have no drivers
    Warning (13040): bidirectional pin "ARDUINO_IO[0]" has no driver File: C:/Users/ericw/Documents/eric/snnproject/SNN-on-FPGA-for-ECG/arrhythmias_detection_toplevel.sv Line: 3
    Warning (13040): bidirectional pin "ARDUINO_IO[1]" has no driver File: C:/Users/ericw/Documents/eric/snnproject/SNN-on-FPGA-for-ECG/arrhythmias_detection_toplevel.sv Line: 3
    Warning (13040): bidirectional pin "ARDUINO_IO[2]" has no driver File: C:/Users/ericw/Documents/eric/snnproject/SNN-on-FPGA-for-ECG/arrhythmias_detection_toplevel.sv Line: 3
    Warning (13040): bidirectional pin "ARDUINO_IO[3]" has no driver File: C:/Users/ericw/Documents/eric/snnproject/SNN-on-FPGA-for-ECG/arrhythmias_detection_toplevel.sv Line: 3
    Warning (13040): bidirectional pin "ARDUINO_IO[4]" has no driver File: C:/Users/ericw/Documents/eric/snnproject/SNN-on-FPGA-for-ECG/arrhythmias_detection_toplevel.sv Line: 3
    Warning (13040): bidirectional pin "ARDUINO_IO[5]" has no driver File: C:/Users/ericw/Documents/eric/snnproject/SNN-on-FPGA-for-ECG/arrhythmias_detection_toplevel.sv Line: 3
    Warning (13040): bidirectional pin "ARDUINO_IO[6]" has no driver File: C:/Users/ericw/Documents/eric/snnproject/SNN-on-FPGA-for-ECG/arrhythmias_detection_toplevel.sv Line: 3
    Warning (13040): bidirectional pin "ARDUINO_IO[7]" has no driver File: C:/Users/ericw/Documents/eric/snnproject/SNN-on-FPGA-for-ECG/arrhythmias_detection_toplevel.sv Line: 3
    Warning (13040): bidirectional pin "ARDUINO_IO[8]" has no driver File: C:/Users/ericw/Documents/eric/snnproject/SNN-on-FPGA-for-ECG/arrhythmias_detection_toplevel.sv Line: 3
    Warning (13040): bidirectional pin "ARDUINO_IO[9]" has no driver File: C:/Users/ericw/Documents/eric/snnproject/SNN-on-FPGA-for-ECG/arrhythmias_detection_toplevel.sv Line: 3
    Warning (13040): bidirectional pin "ARDUINO_IO[10]" has no driver File: C:/Users/ericw/Documents/eric/snnproject/SNN-on-FPGA-for-ECG/arrhythmias_detection_toplevel.sv Line: 3
    Warning (13040): bidirectional pin "ARDUINO_IO[11]" has no driver File: C:/Users/ericw/Documents/eric/snnproject/SNN-on-FPGA-for-ECG/arrhythmias_detection_toplevel.sv Line: 3
    Warning (13040): bidirectional pin "ARDUINO_IO[12]" has no driver File: C:/Users/ericw/Documents/eric/snnproject/SNN-on-FPGA-for-ECG/arrhythmias_detection_toplevel.sv Line: 3
    Warning (13040): bidirectional pin "ARDUINO_IO[13]" has no driver File: C:/Users/ericw/Documents/eric/snnproject/SNN-on-FPGA-for-ECG/arrhythmias_detection_toplevel.sv Line: 3
    Warning (13040): bidirectional pin "ARDUINO_IO[14]" has no driver File: C:/Users/ericw/Documents/eric/snnproject/SNN-on-FPGA-for-ECG/arrhythmias_detection_toplevel.sv Line: 3
    Warning (13040): bidirectional pin "ARDUINO_IO[15]" has no driver File: C:/Users/ericw/Documents/eric/snnproject/SNN-on-FPGA-for-ECG/arrhythmias_detection_toplevel.sv Line: 3
Warning (13024): Output pins are stuck at VCC or GND
    Warning (13410): Pin "LEDR[0]" is stuck at GND File: C:/Users/ericw/Documents/eric/snnproject/SNN-on-FPGA-for-ECG/arrhythmias_detection_toplevel.sv Line: 4
    Warning (13410): Pin "LEDR[1]" is stuck at GND File: C:/Users/ericw/Documents/eric/snnproject/SNN-on-FPGA-for-ECG/arrhythmias_detection_toplevel.sv Line: 4
    Warning (13410): Pin "LEDR[2]" is stuck at GND File: C:/Users/ericw/Documents/eric/snnproject/SNN-on-FPGA-for-ECG/arrhythmias_detection_toplevel.sv Line: 4
    Warning (13410): Pin "LEDR[3]" is stuck at GND File: C:/Users/ericw/Documents/eric/snnproject/SNN-on-FPGA-for-ECG/arrhythmias_detection_toplevel.sv Line: 4
    Warning (13410): Pin "LEDR[4]" is stuck at GND File: C:/Users/ericw/Documents/eric/snnproject/SNN-on-FPGA-for-ECG/arrhythmias_detection_toplevel.sv Line: 4
    Warning (13410): Pin "LEDR[5]" is stuck at GND File: C:/Users/ericw/Documents/eric/snnproject/SNN-on-FPGA-for-ECG/arrhythmias_detection_toplevel.sv Line: 4
    Warning (13410): Pin "LEDR[6]" is stuck at GND File: C:/Users/ericw/Documents/eric/snnproject/SNN-on-FPGA-for-ECG/arrhythmias_detection_toplevel.sv Line: 4
    Warning (13410): Pin "LEDR[7]" is stuck at GND File: C:/Users/ericw/Documents/eric/snnproject/SNN-on-FPGA-for-ECG/arrhythmias_detection_toplevel.sv Line: 4
    Warning (13410): Pin "LEDR[8]" is stuck at GND File: C:/Users/ericw/Documents/eric/snnproject/SNN-on-FPGA-for-ECG/arrhythmias_detection_toplevel.sv Line: 4
    Warning (13410): Pin "LEDR[9]" is stuck at GND File: C:/Users/ericw/Documents/eric/snnproject/SNN-on-FPGA-for-ECG/arrhythmias_detection_toplevel.sv Line: 4
Info (16010): Generating hard_block partition "hard_block:auto_generated_inst"
    Info (16011): Adding 0 node(s), including 0 DDIO, 0 PLL, 0 transceiver and 0 LCELL
Warning (21074): Design contains 3 input pin(s) that do not drive logic
    Warning (15610): No output dependent on input pin "MAX10_CLK1_50" File: C:/Users/ericw/Documents/eric/snnproject/SNN-on-FPGA-for-ECG/arrhythmias_detection_toplevel.sv Line: 1
    Warning (15610): No output dependent on input pin "KEY[0]" File: C:/Users/ericw/Documents/eric/snnproject/SNN-on-FPGA-for-ECG/arrhythmias_detection_toplevel.sv Line: 2
    Warning (15610): No output dependent on input pin "KEY[1]" File: C:/Users/ericw/Documents/eric/snnproject/SNN-on-FPGA-for-ECG/arrhythmias_detection_toplevel.sv Line: 2
Info (21057): Implemented 29 device resources after synthesis - the final resource count might be different
    Info (21058): Implemented 3 input pins
    Info (21059): Implemented 10 output pins
    Info (21060): Implemented 16 bidirectional pins
Info: Quartus Prime Analysis & Synthesis was successful. 0 errors, 77 warnings
    Info: Peak virtual memory: 4766 megabytes
    Info: Processing ended: Sun Mar 15 00:25:42 2026
    Info: Elapsed time: 00:00:09
    Info: Total CPU time (on all processors): 00:00:22


